<?xml version="1.0" encoding="UTF-8"?>
<testsuite xmlns:xsi="http://www.w3.org/2001/XMLSchema-instance" xsi:noNamespaceSchemaLocation="https://maven.apache.org/surefire/maven-surefire-plugin/xsd/surefire-test-report.xsd" version="3.0.2" name="TestSuite" time="12.947" tests="2" errors="0" skipped="0" failures="0">
  <properties>
[...]
</properties>
  <testcase name="verify_account_registration" classname="testCases.TC_001_AccountRegistrationTest" time="2.373">
    <system-out><![CDATA[2025-03-14T07:15:56.863073700Z main INFO Starting configuration XmlConfiguration[location=E:\Selenium\Workspace\selewebdriver\InstarentV01\target\test-classes\log4j2.xml, lastModified=2025-03-10T16:08:39.113Z]...
2025-03-14T07:15:56.864074400Z main INFO Start watching for changes to E:\Selenium\Workspace\selewebdriver\InstarentV01\target\test-classes\log4j2.xml every 0 seconds
2025-03-14T07:15:56.864074400Z main INFO Configuration XmlConfiguration[location=E:\Selenium\Workspace\selewebdriver\InstarentV01\target\test-classes\log4j2.xml, lastModified=2025-03-10T16:08:39.113Z] started.
2025-03-14T07:15:56.869770900Z main INFO Stopping configuration org.apache.logging.log4j.core.config.DefaultConfiguration@2dd80673...
2025-03-14T07:15:56.869770900Z main INFO Configuration org.apache.logging.log4j.core.config.DefaultConfiguration@2dd80673 stopped.
]]></system-out>
    <system-err><![CDATA[SLF4J(W): No SLF4J providers were found.
SLF4J(W): Defaulting to no-operation (NOP) logger implementation
SLF4J(W): See https://www.slf4j.org/codes.html#noProviders for further details.
SLF4J(W): Class path contains SLF4J bindings targeting slf4j-api versions 1.7.x or earlier.
SLF4J(W): Ignoring binding found at [jar:file:/C:/Users/vasan/.m2/repository/org/apache/logging/log4j/log4j-slf4j-impl/2.22.0/log4j-slf4j-impl-2.22.0.jar!/org/slf4j/impl/StaticLoggerBinder.class]
SLF4J(W): See https://www.slf4j.org/codes.html#ignoredBindings for an explanation.
Mar 14, 2025 12:45:58 PM org.openqa.selenium.devtools.CdpVersionFinder findNearestMatch
WARNING: Unable to find CDP implementation matching 134
Mar 14, 2025 12:45:58 PM org.openqa.selenium.chromium.ChromiumDriver lambda$new$5
WARNING: Unable to find version of CDP to use for 134.0.6998.89. You may need to include a dependency on a specific version of the CDP using something similar to `org.seleniumhq.selenium:selenium-devtools-v86:4.20.0` where the version ("v86") matches the version of the chromium-based browser you're using and the version number of the artifact is the same as Selenium's.
]]></system-err>
  </testcase>
  <testcase name="verify_login" classname="testCases.TC_002_LoginTest" time="1.653">
    <system-err><![CDATA[Mar 14, 2025 12:46:03 PM org.openqa.selenium.devtools.CdpVersionFinder findNearestMatch
WARNING: Unable to find CDP implementation matching 134
Mar 14, 2025 12:46:03 PM org.openqa.selenium.chromium.ChromiumDriver lambda$new$5
WARNING: Unable to find version of CDP to use for 134.0.6998.89. You may need to include a dependency on a specific version of the CDP using something similar to `org.seleniumhq.selenium:selenium-devtools-v86:4.20.0` where the version ("v86") matches the version of the chromium-based browser you're using and the version number of the artifact is the same as Selenium's.
]]></system-err>
  </testcase>
</testsuite>